[INFO ]2023-09-12 16:34:20.896 [main]Log-Click on add new batch
[INFO ]2023-09-12 16:43:21.175 [main]Log-Validate batch details fields
[INFO ]2023-09-12 16:44:55.580 [main]Log-Click on add new batch
[INFO ]2023-09-12 16:46:29.383 [main]Log-Click on add new batch
[INFO ]2023-09-12 16:48:03.641 [main]Log-Click on add new batch
[INFO ]2023-09-12 16:49:37.628 [main]Log-Click on add new batch
[INFO ]2023-09-12 16:51:21.975 [main]Log-Validate Pagination
[INFO ]2023-09-12 16:53:16.610 [main]Log-Validate delete Icon
[INFO ]2023-09-12 16:54:49.971 [main]Log-A New batch button is displayed
[INFO ]2023-09-12 16:56:28.311 [main]Log-Validate edit button in data table
[INFO ]2023-09-12 16:58:01.818 [main]Log-Validate delete button in data table
[INFO ]2023-09-12 16:59:34.803 [main]Log-Click on add new batch
[INFO ]2023-09-12 17:01:08.166 [main]Log-Clicked on delete
[INFO ]2023-09-12 17:04:08.202 [main]Log-Delete alert box is present
[INFO ]2023-09-12 17:05:41.931 [main]Log-Clicked on delete
[INFO ]2023-09-12 17:07:11.975 [main]Log-Clicked yes to delete
[INFO ]2023-09-12 17:08:45.729 [main]Log-Clicked on delete
[INFO ]2023-09-12 17:10:15.770 [main]Log-Clicked No to delete
[INFO ]2023-09-12 17:10:22.300 [main]Log-Checkbox is selected
[INFO ]2023-09-12 17:11:52.355 [main]Log-Click on delete button
[INFO ]2023-09-12 17:13:51.226 [main]Log-Click on edit batch buton
[INFO ]2023-09-12 17:15:25.617 [main]Log-Click on edit batch buton
[INFO ]2023-09-12 17:16:59.761 [main]Log-Click on edit batch buton
[INFO ]2023-09-12 17:18:32.939 [main]Log-Click on edit batch buton
[INFO ]2023-09-12 17:20:10.295 [main]Log-Click on edit batch buton
